Started GET "/" for ::1 at 2019-11-27 15:03:47 -0800
DEPRECATION WARNING: ActiveRecord::Base.raise_in_transactional_callbacks= is deprecated, has no effect and will be removed without replacement. (called from block (3 levels) in <class:Railtie> at /home/taehoon/.rbenv/versions/2.5.1/lib/ruby/gems/2.5.0/gems/activerecord-5.0.7.2/lib/active_record/railtie.rb:113)
Processing by StaticPagesController#index as HTML
  Rendering static_pages/index.html.erb within layouts/application
  Rendered shared/_main_nav.html.erb (0.2ms)
  Rendered shared/_masthead.html.erb (0.3ms)
  Rendered shared/_sections_nav.html.erb (0.2ms)
  Rendered shared/_search_modal.html.erb (0.2ms)
  Rendered shared/_main_content.html.erb (0.2ms)
  Rendered static_pages/index.html.erb within layouts/application (4.0ms)
Completed 200 OK in 330ms (Views: 328.8ms | ActiveRecord: 0.0ms)


Started GET "/assets/application.self-4c811725f9b8380db274a38647228851381dca1af9dd90f1b8f2d2f105d5027d.css?body=1" for ::1 at 2019-11-27 15:03:47 -0800
Started GET "/assets/components/sidebar.self-2a1277f850a6fa21e1a974ef5152f177ac05516477d5081d593bb137b3d6808b.js?body=1" for ::1 at 2019-11-27 15:03:47 -0800
Started GET "/assets/components/dropdown.self-815016af6fab1d5b72abd319213bf62f0c42bab2c585d2e059543ae704a0d74c.js?body=1" for ::1 at 2019-11-27 15:03:47 -0800
Started GET "/assets/jquery.self-bd7ddd393353a8d2480a622e80342adf488fb6006d667e8b42e4c0073393abee.js?body=1" for ::1 at 2019-11-27 15:03:47 -0800
Started GET "/assets/components/modal.self-52188644dbb47def5ee35ae02e69eb567ca9b664472357a8a5789dd39032a265.js?body=1" for ::1 at 2019-11-27 15:03:47 -0800
Started GET "/assets/jquery_ujs.self-784a997f6726036b1993eb2217c9cb558e1cbb801c6da88105588c56f13b466a.js?body=1" for ::1 at 2019-11-27 15:03:47 -0800
Started GET "/assets/application.self-f571b9db02bf4ed04c38a6a29072ac382f7d4f47db1fab9817aeadb0d8665235.js?body=1" for ::1 at 2019-11-27 15:03:47 -0800
Started GET "/" for ::1 at 2019-11-27 15:04:11 -0800
Processing by StaticPagesController#index as HTML
  Rendering static_pages/index.html.erb within layouts/application
  Rendered shared/_main_nav.html.erb (0.2ms)
  Rendered shared/_masthead.html.erb (0.4ms)
  Rendered shared/_sections_nav.html.erb (0.3ms)
  Rendered shared/_search_modal.html.erb (0.4ms)
  Rendered shared/_main_content.html.erb (0.6ms)
  Rendered static_pages/index.html.erb within layouts/application (5.8ms)
Completed 200 OK in 25ms (Views: 24.4ms | ActiveRecord: 0.0ms)


Started GET "/assets/application.self-4c811725f9b8380db274a38647228851381dca1af9dd90f1b8f2d2f105d5027d.css?body=1&livereload=1574896217463" for ::1 at 2019-11-27 15:10:17 -0800
Started GET "/assets/application.self-4c811725f9b8380db274a38647228851381dca1af9dd90f1b8f2d2f105d5027d.css?body=1&livereload=1574896217466" for ::1 at 2019-11-27 15:10:17 -0800
Started GET "/assets/application.self-4c811725f9b8380db274a38647228851381dca1af9dd90f1b8f2d2f105d5027d.css?body=1&livereload=1574896222691" for ::1 at 2019-11-27 15:10:22 -0800
Started GET "/assets/application.self-4c811725f9b8380db274a38647228851381dca1af9dd90f1b8f2d2f105d5027d.css?body=1&livereload=1574896222693" for ::1 at 2019-11-27 15:10:22 -0800
Started GET "/assets/application.self-4c811725f9b8380db274a38647228851381dca1af9dd90f1b8f2d2f105d5027d.css?body=1&livereload=1574896237946" for ::1 at 2019-11-27 15:10:37 -0800
Started GET "/assets/application.self-4c811725f9b8380db274a38647228851381dca1af9dd90f1b8f2d2f105d5027d.css?body=1&livereload=1574896237949" for ::1 at 2019-11-27 15:10:37 -0800
Started GET "/assets/application.self-4c811725f9b8380db274a38647228851381dca1af9dd90f1b8f2d2f105d5027d.css?body=1&livereload=1574896240562" for ::1 at 2019-11-27 15:10:40 -0800
Started GET "/assets/application.self-4c811725f9b8380db274a38647228851381dca1af9dd90f1b8f2d2f105d5027d.css?body=1&livereload=1574896240564" for ::1 at 2019-11-27 15:10:40 -0800
Started GET "/assets/application.self-4c811725f9b8380db274a38647228851381dca1af9dd90f1b8f2d2f105d5027d.css?body=1&livereload=1574896266450" for ::1 at 2019-11-27 15:11:06 -0800
Started GET "/assets/application.self-4c811725f9b8380db274a38647228851381dca1af9dd90f1b8f2d2f105d5027d.css?body=1&livereload=1574896266452" for ::1 at 2019-11-27 15:11:06 -0800
Started GET "/assets/application.self-4c811725f9b8380db274a38647228851381dca1af9dd90f1b8f2d2f105d5027d.css?body=1&livereload=1574896286204" for ::1 at 2019-11-27 15:11:26 -0800
Started GET "/assets/application.self-4c811725f9b8380db274a38647228851381dca1af9dd90f1b8f2d2f105d5027d.css?body=1&livereload=1574896286205" for ::1 at 2019-11-27 15:11:26 -0800
Started GET "/assets/application.self-4c811725f9b8380db274a38647228851381dca1af9dd90f1b8f2d2f105d5027d.css?body=1&livereload=1574896294142" for ::1 at 2019-11-27 15:11:34 -0800
Started GET "/assets/application.self-4c811725f9b8380db274a38647228851381dca1af9dd90f1b8f2d2f105d5027d.css?body=1&livereload=1574896294144" for ::1 at 2019-11-27 15:11:34 -0800
Started GET "/assets/application.self-4c811725f9b8380db274a38647228851381dca1af9dd90f1b8f2d2f105d5027d.css?body=1&livereload=1574896295677" for ::1 at 2019-11-27 15:11:35 -0800
Started GET "/assets/application.self-4c811725f9b8380db274a38647228851381dca1af9dd90f1b8f2d2f105d5027d.css?body=1&livereload=1574896295679" for ::1 at 2019-11-27 15:11:35 -0800
Started GET "/assets/application.self-4c811725f9b8380db274a38647228851381dca1af9dd90f1b8f2d2f105d5027d.css?body=1&livereload=1574896302985" for ::1 at 2019-11-27 15:11:42 -0800
Started GET "/assets/application.self-4c811725f9b8380db274a38647228851381dca1af9dd90f1b8f2d2f105d5027d.css?body=1&livereload=1574896302988" for ::1 at 2019-11-27 15:11:42 -0800
Started GET "/assets/application.self-4c811725f9b8380db274a38647228851381dca1af9dd90f1b8f2d2f105d5027d.css?body=1&livereload=1574896304156" for ::1 at 2019-11-27 15:11:44 -0800
Started GET "/assets/application.self-4c811725f9b8380db274a38647228851381dca1af9dd90f1b8f2d2f105d5027d.css?body=1&livereload=1574896304158" for ::1 at 2019-11-27 15:11:44 -0800
Started GET "/assets/application.self-4c811725f9b8380db274a38647228851381dca1af9dd90f1b8f2d2f105d5027d.css?body=1&livereload=1574896313900" for ::1 at 2019-11-27 15:11:53 -0800
Started GET "/assets/application.self-4c811725f9b8380db274a38647228851381dca1af9dd90f1b8f2d2f105d5027d.css?body=1&livereload=1574896313902" for ::1 at 2019-11-27 15:11:53 -0800
Started GET "/assets/application.self-4c811725f9b8380db274a38647228851381dca1af9dd90f1b8f2d2f105d5027d.css?body=1&livereload=1574896318323" for ::1 at 2019-11-27 15:11:58 -0800
Started GET "/assets/application.self-4c811725f9b8380db274a38647228851381dca1af9dd90f1b8f2d2f105d5027d.css?body=1&livereload=1574896318326" for ::1 at 2019-11-27 15:11:58 -0800
Started GET "/assets/application.self-4c811725f9b8380db274a38647228851381dca1af9dd90f1b8f2d2f105d5027d.css?body=1&livereload=1574896320128" for ::1 at 2019-11-27 15:12:00 -0800
Started GET "/assets/application.self-4c811725f9b8380db274a38647228851381dca1af9dd90f1b8f2d2f105d5027d.css?body=1&livereload=1574896320129" for ::1 at 2019-11-27 15:12:00 -0800
Started GET "/" for ::1 at 2019-11-27 15:12:39 -0800
Processing by StaticPagesController#index as HTML
  Rendering static_pages/index.html.erb within layouts/application
  Rendered shared/_main_nav.html.erb (0.4ms)
  Rendered shared/_masthead.html.erb (0.3ms)
  Rendered shared/_sections_nav.html.erb (0.3ms)
  Rendered shared/_search_modal.html.erb (0.4ms)
  Rendered shared/_main_content.html.erb (0.4ms)
  Rendered static_pages/index.html.erb within layouts/application (7.6ms)
Completed 200 OK in 34ms (Views: 33.0ms | ActiveRecord: 0.0ms)


Started GET "/assets/application.self-fbcd15281d71c50de4deb9cc1082a36ee91fe064b8935e6488d49cb6109ced76.css?body=1" for ::1 at 2019-11-27 15:12:39 -0800
Started GET "/assets/application.self-fbcd15281d71c50de4deb9cc1082a36ee91fe064b8935e6488d49cb6109ced76.css?body=1&livereload=1574896496599" for ::1 at 2019-11-27 15:14:56 -0800
Started GET "/assets/application.self-fbcd15281d71c50de4deb9cc1082a36ee91fe064b8935e6488d49cb6109ced76.css?body=1&livereload=1574896496602" for ::1 at 2019-11-27 15:14:56 -0800
Started GET "/assets/application.self-fbcd15281d71c50de4deb9cc1082a36ee91fe064b8935e6488d49cb6109ced76.css?body=1&livereload=1574896498581" for ::1 at 2019-11-27 15:14:58 -0800
Started GET "/assets/application.self-fbcd15281d71c50de4deb9cc1082a36ee91fe064b8935e6488d49cb6109ced76.css?body=1&livereload=1574896498583" for ::1 at 2019-11-27 15:14:58 -0800
Started GET "/assets/application.self-fbcd15281d71c50de4deb9cc1082a36ee91fe064b8935e6488d49cb6109ced76.css?body=1&livereload=1574896500023" for ::1 at 2019-11-27 15:15:00 -0800
Started GET "/assets/application.self-fbcd15281d71c50de4deb9cc1082a36ee91fe064b8935e6488d49cb6109ced76.css?body=1&livereload=1574896500025" for ::1 at 2019-11-27 15:15:00 -0800
Started GET "/assets/application.self-fbcd15281d71c50de4deb9cc1082a36ee91fe064b8935e6488d49cb6109ced76.css?body=1&livereload=1574896503001" for ::1 at 2019-11-27 15:15:03 -0800
Started GET "/assets/application.self-fbcd15281d71c50de4deb9cc1082a36ee91fe064b8935e6488d49cb6109ced76.css?body=1&livereload=1574896503003" for ::1 at 2019-11-27 15:15:03 -0800
Started GET "/assets/application.self-fbcd15281d71c50de4deb9cc1082a36ee91fe064b8935e6488d49cb6109ced76.css?body=1&livereload=1574896506160" for ::1 at 2019-11-27 15:15:06 -0800
Started GET "/assets/application.self-fbcd15281d71c50de4deb9cc1082a36ee91fe064b8935e6488d49cb6109ced76.css?body=1&livereload=1574896506162" for ::1 at 2019-11-27 15:15:06 -0800
Started GET "/assets/application.self-fbcd15281d71c50de4deb9cc1082a36ee91fe064b8935e6488d49cb6109ced76.css?body=1&livereload=1574896507965" for ::1 at 2019-11-27 15:15:07 -0800
Started GET "/assets/application.self-fbcd15281d71c50de4deb9cc1082a36ee91fe064b8935e6488d49cb6109ced76.css?body=1&livereload=1574896507967" for ::1 at 2019-11-27 15:15:07 -0800
Started GET "/assets/application.self-fbcd15281d71c50de4deb9cc1082a36ee91fe064b8935e6488d49cb6109ced76.css?body=1&livereload=1574896511305" for ::1 at 2019-11-27 15:15:11 -0800
Started GET "/assets/application.self-fbcd15281d71c50de4deb9cc1082a36ee91fe064b8935e6488d49cb6109ced76.css?body=1&livereload=1574896511303" for ::1 at 2019-11-27 15:15:11 -0800
Started GET "/assets/application.self-fbcd15281d71c50de4deb9cc1082a36ee91fe064b8935e6488d49cb6109ced76.css?body=1&livereload=1574896514647" for ::1 at 2019-11-27 15:15:14 -0800
Started GET "/assets/application.self-fbcd15281d71c50de4deb9cc1082a36ee91fe064b8935e6488d49cb6109ced76.css?body=1&livereload=1574896514649" for ::1 at 2019-11-27 15:15:14 -0800
Started GET "/assets/application.self-fbcd15281d71c50de4deb9cc1082a36ee91fe064b8935e6488d49cb6109ced76.css?body=1&livereload=1574896515997" for ::1 at 2019-11-27 15:15:16 -0800
Started GET "/assets/application.self-fbcd15281d71c50de4deb9cc1082a36ee91fe064b8935e6488d49cb6109ced76.css?body=1&livereload=1574896515998" for ::1 at 2019-11-27 15:15:16 -0800
Started GET "/assets/application.self-fbcd15281d71c50de4deb9cc1082a36ee91fe064b8935e6488d49cb6109ced76.css?body=1&livereload=1574896520508" for ::1 at 2019-11-27 15:15:20 -0800
Started GET "/assets/application.self-fbcd15281d71c50de4deb9cc1082a36ee91fe064b8935e6488d49cb6109ced76.css?body=1&livereload=1574896520510" for ::1 at 2019-11-27 15:15:20 -0800
Started GET "/assets/application.self-fbcd15281d71c50de4deb9cc1082a36ee91fe064b8935e6488d49cb6109ced76.css?body=1&livereload=1574896522041" for ::1 at 2019-11-27 15:15:22 -0800
Started GET "/assets/application.self-fbcd15281d71c50de4deb9cc1082a36ee91fe064b8935e6488d49cb6109ced76.css?body=1&livereload=1574896522043" for ::1 at 2019-11-27 15:15:22 -0800
Started GET "/assets/application.self-fbcd15281d71c50de4deb9cc1082a36ee91fe064b8935e6488d49cb6109ced76.css?body=1&livereload=1574896530972" for ::1 at 2019-11-27 15:15:30 -0800
Started GET "/assets/application.self-fbcd15281d71c50de4deb9cc1082a36ee91fe064b8935e6488d49cb6109ced76.css?body=1&livereload=1574896530974" for ::1 at 2019-11-27 15:15:30 -0800
Started GET "/assets/application.self-fbcd15281d71c50de4deb9cc1082a36ee91fe064b8935e6488d49cb6109ced76.css?body=1&livereload=1574896534668" for ::1 at 2019-11-27 15:15:34 -0800
Started GET "/assets/application.self-fbcd15281d71c50de4deb9cc1082a36ee91fe064b8935e6488d49cb6109ced76.css?body=1&livereload=1574896534670" for ::1 at 2019-11-27 15:15:34 -0800
Started GET "/" for ::1 at 2019-11-27 15:16:36 -0800
Processing by StaticPagesController#index as HTML
  Rendering static_pages/index.html.erb within layouts/application
  Rendered shared/_main_nav.html.erb (0.2ms)
  Rendered shared/_masthead.html.erb (0.2ms)
  Rendered shared/_sections_nav.html.erb (0.2ms)
  Rendered shared/_search_modal.html.erb (0.2ms)
  Rendered shared/_main_content.html.erb (0.2ms)
  Rendered static_pages/index.html.erb within layouts/application (3.8ms)
Completed 200 OK in 21ms (Views: 19.6ms | ActiveRecord: 0.0ms)


Started GET "/assets/application.self-1a3eb13bc5ef82f3bd93653083e14f0906bd8194a04a3977bdb573ffd6d26047.css?body=1" for ::1 at 2019-11-27 15:16:36 -0800
Started GET "/" for ::1 at 2019-11-27 15:16:39 -0800
Processing by StaticPagesController#index as HTML
  Rendering static_pages/index.html.erb within layouts/application
  Rendered shared/_main_nav.html.erb (0.3ms)
  Rendered shared/_masthead.html.erb (0.3ms)
  Rendered shared/_sections_nav.html.erb (0.3ms)
  Rendered shared/_search_modal.html.erb (0.3ms)
  Rendered shared/_main_content.html.erb (0.3ms)
  Rendered static_pages/index.html.erb within layouts/application (5.8ms)
Completed 200 OK in 28ms (Views: 26.9ms | ActiveRecord: 0.0ms)


Started GET "/" for ::1 at 2019-11-27 15:16:42 -0800
Processing by StaticPagesController#index as HTML
  Rendering static_pages/index.html.erb within layouts/application
  Rendered shared/_main_nav.html.erb (0.3ms)
  Rendered shared/_masthead.html.erb (0.2ms)
  Rendered shared/_sections_nav.html.erb (0.2ms)
  Rendered shared/_search_modal.html.erb (0.2ms)
  Rendered shared/_main_content.html.erb (0.3ms)
  Rendered static_pages/index.html.erb within layouts/application (3.9ms)
Completed 200 OK in 17ms (Views: 16.7ms | ActiveRecord: 0.0ms)


Started GET "/" for ::1 at 2019-11-27 15:16:45 -0800
Processing by StaticPagesController#index as HTML
  Rendering static_pages/index.html.erb within layouts/application
  Rendered shared/_main_nav.html.erb (0.2ms)
  Rendered shared/_masthead.html.erb (0.2ms)
  Rendered shared/_sections_nav.html.erb (0.5ms)
  Rendered shared/_search_modal.html.erb (0.5ms)
  Rendered shared/_main_content.html.erb (0.2ms)
  Rendered static_pages/index.html.erb within layouts/application (4.9ms)
Completed 200 OK in 19ms (Views: 18.2ms | ActiveRecord: 0.0ms)


Started GET "/" for ::1 at 2019-11-27 15:16:50 -0800
Processing by StaticPagesController#index as HTML
  Rendering static_pages/index.html.erb within layouts/application
  Rendered shared/_main_nav.html.erb (0.6ms)
  Rendered shared/_masthead.html.erb (0.3ms)
  Rendered shared/_sections_nav.html.erb (0.3ms)
  Rendered shared/_search_modal.html.erb (0.2ms)
  Rendered shared/_main_content.html.erb (0.2ms)
  Rendered static_pages/index.html.erb within layouts/application (5.2ms)
Completed 200 OK in 19ms (Views: 18.6ms | ActiveRecord: 0.0ms)


Started GET "/" for ::1 at 2019-11-27 15:16:51 -0800
Processing by StaticPagesController#index as HTML
  Rendering static_pages/index.html.erb within layouts/application
  Rendered shared/_main_nav.html.erb (0.7ms)
  Rendered shared/_masthead.html.erb (0.3ms)
  Rendered shared/_sections_nav.html.erb (0.2ms)
  Rendered shared/_search_modal.html.erb (0.2ms)
  Rendered shared/_main_content.html.erb (0.2ms)
  Rendered static_pages/index.html.erb within layouts/application (6.2ms)
Completed 200 OK in 23ms (Views: 21.5ms | ActiveRecord: 0.0ms)


Started GET "/" for ::1 at 2019-11-27 15:16:54 -0800
Processing by StaticPagesController#index as HTML
  Rendering static_pages/index.html.erb within layouts/application
  Rendered shared/_main_nav.html.erb (0.2ms)
  Rendered shared/_masthead.html.erb (0.6ms)
  Rendered shared/_sections_nav.html.erb (0.2ms)
  Rendered shared/_search_modal.html.erb (0.2ms)
  Rendered shared/_main_content.html.erb (0.2ms)
  Rendered static_pages/index.html.erb within layouts/application (5.1ms)
Completed 200 OK in 21ms (Views: 19.7ms | ActiveRecord: 0.0ms)


Started GET "/" for ::1 at 2019-11-27 15:16:56 -0800
Processing by StaticPagesController#index as HTML
  Rendering static_pages/index.html.erb within layouts/application
  Rendered shared/_main_nav.html.erb (0.3ms)
  Rendered shared/_masthead.html.erb (0.6ms)
  Rendered shared/_sections_nav.html.erb (0.3ms)
  Rendered shared/_search_modal.html.erb (0.4ms)
  Rendered shared/_main_content.html.erb (0.5ms)
  Rendered static_pages/index.html.erb within layouts/application (7.7ms)
Completed 200 OK in 27ms (Views: 26.5ms | ActiveRecord: 0.0ms)


Started GET "/" for ::1 at 2019-11-27 15:17:02 -0800
Processing by StaticPagesController#index as HTML
  Rendering static_pages/index.html.erb within layouts/application
  Rendered shared/_main_nav.html.erb (0.3ms)
  Rendered shared/_masthead.html.erb (0.3ms)
  Rendered shared/_sections_nav.html.erb (0.5ms)
  Rendered shared/_search_modal.html.erb (0.3ms)
  Rendered shared/_main_content.html.erb (0.3ms)
  Rendered static_pages/index.html.erb within layouts/application (6.1ms)
Completed 200 OK in 31ms (Views: 29.3ms | ActiveRecord: 0.0ms)


Started GET "/" for ::1 at 2019-11-27 15:17:05 -0800
Processing by StaticPagesController#index as HTML
  Rendering static_pages/index.html.erb within layouts/application
  Rendered shared/_main_nav.html.erb (0.3ms)
  Rendered shared/_masthead.html.erb (0.3ms)
  Rendered shared/_sections_nav.html.erb (0.3ms)
  Rendered shared/_search_modal.html.erb (0.3ms)
  Rendered shared/_main_content.html.erb (0.3ms)
  Rendered static_pages/index.html.erb within layouts/application (6.2ms)
Completed 200 OK in 32ms (Views: 29.9ms | ActiveRecord: 0.0ms)


Started GET "/" for ::1 at 2019-11-27 15:17:10 -0800
Processing by StaticPagesController#index as HTML
  Rendering static_pages/index.html.erb within layouts/application
  Rendered shared/_main_nav.html.erb (0.3ms)
  Rendered shared/_masthead.html.erb (0.3ms)
  Rendered shared/_sections_nav.html.erb (0.7ms)
  Rendered shared/_search_modal.html.erb (0.4ms)
  Rendered shared/_main_content.html.erb (1.1ms)
  Rendered static_pages/index.html.erb within layouts/application (9.4ms)
Completed 200 OK in 29ms (Views: 27.7ms | ActiveRecord: 0.0ms)


Started GET "/" for ::1 at 2019-11-27 15:17:13 -0800
Processing by StaticPagesController#index as HTML
  Rendering static_pages/index.html.erb within layouts/application
  Rendered shared/_main_nav.html.erb (0.8ms)
  Rendered shared/_masthead.html.erb (0.6ms)
  Rendered shared/_sections_nav.html.erb (0.7ms)
  Rendered shared/_search_modal.html.erb (0.3ms)
  Rendered shared/_main_content.html.erb (0.3ms)
  Rendered static_pages/index.html.erb within layouts/application (9.5ms)
Completed 200 OK in 36ms (Views: 34.4ms | ActiveRecord: 0.0ms)


Started GET "/" for ::1 at 2019-11-27 15:17:14 -0800
Processing by StaticPagesController#index as HTML
  Rendering static_pages/index.html.erb within layouts/application
  Rendered shared/_main_nav.html.erb (0.2ms)
  Rendered shared/_masthead.html.erb (0.3ms)
  Rendered shared/_sections_nav.html.erb (0.2ms)
  Rendered shared/_search_modal.html.erb (0.3ms)
  Rendered shared/_main_content.html.erb (0.3ms)
  Rendered static_pages/index.html.erb within layouts/application (4.1ms)
Completed 200 OK in 18ms (Views: 16.4ms | ActiveRecord: 0.0ms)


Started GET "/" for ::1 at 2019-11-27 15:17:19 -0800
Processing by StaticPagesController#index as HTML
  Rendering static_pages/index.html.erb within layouts/application
  Rendered shared/_main_nav.html.erb (0.4ms)
  Rendered shared/_masthead.html.erb (0.3ms)
  Rendered shared/_sections_nav.html.erb (0.8ms)
  Rendered shared/_search_modal.html.erb (0.4ms)
  Rendered shared/_main_content.html.erb (0.6ms)
  Rendered static_pages/index.html.erb within layouts/application (8.4ms)
Completed 200 OK in 33ms (Views: 30.7ms | ActiveRecord: 0.0ms)


Started GET "/" for ::1 at 2019-11-27 15:17:20 -0800
Processing by StaticPagesController#index as HTML
  Rendering static_pages/index.html.erb within layouts/application
  Rendered shared/_main_nav.html.erb (0.4ms)
  Rendered shared/_masthead.html.erb (0.3ms)
  Rendered shared/_sections_nav.html.erb (0.3ms)
  Rendered shared/_search_modal.html.erb (0.3ms)
  Rendered shared/_main_content.html.erb (0.3ms)
  Rendered static_pages/index.html.erb within layouts/application (7.0ms)
Completed 200 OK in 32ms (Views: 30.0ms | ActiveRecord: 0.0ms)


Started GET "/" for ::1 at 2019-11-27 15:17:29 -0800
Processing by StaticPagesController#index as HTML
  Rendering static_pages/index.html.erb within layouts/application
  Rendered shared/_main_nav.html.erb (0.4ms)
  Rendered shared/_masthead.html.erb (0.3ms)
  Rendered shared/_sections_nav.html.erb (0.6ms)
  Rendered shared/_search_modal.html.erb (0.4ms)
  Rendered shared/_main_content.html.erb (0.4ms)
  Rendered static_pages/index.html.erb within layouts/application (7.7ms)
Completed 200 OK in 24ms (Views: 22.6ms | ActiveRecord: 0.0ms)


Started GET "/" for ::1 at 2019-11-27 15:17:31 -0800
Processing by StaticPagesController#index as HTML
  Rendering static_pages/index.html.erb within layouts/application
  Rendered shared/_main_nav.html.erb (0.4ms)
  Rendered shared/_masthead.html.erb (0.4ms)
  Rendered shared/_sections_nav.html.erb (0.3ms)
  Rendered shared/_search_modal.html.erb (0.5ms)
  Rendered shared/_main_content.html.erb (0.5ms)
  Rendered static_pages/index.html.erb within layouts/application (7.9ms)
Completed 200 OK in 27ms (Views: 25.6ms | ActiveRecord: 0.0ms)


Started GET "/" for ::1 at 2019-11-27 15:17:38 -0800
Processing by StaticPagesController#index as HTML
  Rendering static_pages/index.html.erb within layouts/application
  Rendered shared/_main_nav.html.erb (0.6ms)
  Rendered shared/_masthead.html.erb (0.5ms)
  Rendered shared/_sections_nav.html.erb (0.5ms)
  Rendered shared/_search_modal.html.erb (0.4ms)
  Rendered shared/_main_content.html.erb (0.7ms)
  Rendered static_pages/index.html.erb within layouts/application (8.6ms)
Completed 200 OK in 33ms (Views: 31.1ms | ActiveRecord: 0.0ms)


Started GET "/" for ::1 at 2019-11-27 15:17:41 -0800
Processing by StaticPagesController#index as HTML
  Rendering static_pages/index.html.erb within layouts/application
  Rendered shared/_main_nav.html.erb (0.3ms)
  Rendered shared/_masthead.html.erb (0.3ms)
  Rendered shared/_sections_nav.html.erb (0.3ms)
  Rendered shared/_search_modal.html.erb (0.3ms)
  Rendered shared/_main_content.html.erb (0.3ms)
  Rendered static_pages/index.html.erb within layouts/application (5.6ms)
Completed 200 OK in 23ms (Views: 21.8ms | ActiveRecord: 0.0ms)


Started GET "/" for ::1 at 2019-11-27 15:17:44 -0800
Processing by StaticPagesController#index as HTML
  Rendering static_pages/index.html.erb within layouts/application
  Rendered shared/_main_nav.html.erb (0.3ms)
  Rendered shared/_masthead.html.erb (0.5ms)
  Rendered shared/_sections_nav.html.erb (0.3ms)
  Rendered shared/_search_modal.html.erb (0.2ms)
  Rendered shared/_main_content.html.erb (0.2ms)
  Rendered static_pages/index.html.erb within layouts/application (6.1ms)
Completed 200 OK in 18ms (Views: 16.9ms | ActiveRecord: 0.0ms)


Started GET "/" for ::1 at 2019-11-27 15:19:40 -0800
Processing by StaticPagesController#index as HTML
  Rendering static_pages/index.html.erb within layouts/application
  Rendered shared/_main_nav.html.erb (0.5ms)
  Rendered shared/_masthead.html.erb (0.3ms)
  Rendered shared/_sections_nav.html.erb (0.3ms)
  Rendered shared/_search_modal.html.erb (0.5ms)
  Rendered shared/_main_content.html.erb (0.9ms)
  Rendered static_pages/index.html.erb within layouts/application (8.3ms)
Completed 200 OK in 32ms (Views: 30.4ms | ActiveRecord: 0.0ms)


Started GET "/" for ::1 at 2019-11-27 15:19:41 -0800
Processing by StaticPagesController#index as HTML
  Rendering static_pages/index.html.erb within layouts/application
  Rendered shared/_main_nav.html.erb (0.6ms)
  Rendered shared/_masthead.html.erb (0.5ms)
  Rendered shared/_sections_nav.html.erb (0.8ms)
  Rendered shared/_search_modal.html.erb (0.4ms)
  Rendered shared/_main_content.html.erb (0.4ms)
  Rendered static_pages/index.html.erb within layouts/application (9.6ms)
Completed 200 OK in 34ms (Views: 33.1ms | ActiveRecord: 0.0ms)


Started GET "/" for ::1 at 2019-11-27 15:19:46 -0800
Processing by StaticPagesController#index as HTML
  Rendering static_pages/index.html.erb within layouts/application
  Rendered shared/_main_nav.html.erb (1.1ms)
  Rendered shared/_masthead.html.erb (0.9ms)
  Rendered shared/_sections_nav.html.erb (0.8ms)
  Rendered shared/_search_modal.html.erb (0.5ms)
  Rendered shared/_main_content.html.erb (0.7ms)
  Rendered static_pages/index.html.erb within layouts/application (10.8ms)
Completed 200 OK in 30ms (Views: 29.8ms | ActiveRecord: 0.0ms)


Started GET "/" for ::1 at 2019-11-27 15:19:49 -0800
Processing by StaticPagesController#index as HTML
  Rendering static_pages/index.html.erb within layouts/application
  Rendered shared/_main_nav.html.erb (0.3ms)
  Rendered shared/_masthead.html.erb (0.2ms)
  Rendered shared/_sections_nav.html.erb (0.2ms)
  Rendered shared/_search_modal.html.erb (0.2ms)
  Rendered shared/_main_content.html.erb (0.2ms)
  Rendered static_pages/index.html.erb within layouts/application (4.1ms)
Completed 200 OK in 17ms (Views: 15.8ms | ActiveRecord: 0.0ms)


Started GET "/" for ::1 at 2019-11-27 15:19:54 -0800
Processing by StaticPagesController#index as HTML
  Rendering static_pages/index.html.erb within layouts/application
  Rendered shared/_main_nav.html.erb (0.2ms)
  Rendered shared/_masthead.html.erb (0.2ms)
  Rendered shared/_sections_nav.html.erb (0.2ms)
  Rendered shared/_search_modal.html.erb (0.2ms)
  Rendered shared/_main_content.html.erb (0.2ms)
  Rendered static_pages/index.html.erb within layouts/application (4.4ms)
Completed 200 OK in 21ms (Views: 19.1ms | ActiveRecord: 0.0ms)


Started GET "/" for ::1 at 2019-11-27 15:19:56 -0800
Processing by StaticPagesController#index as HTML
  Rendering static_pages/index.html.erb within layouts/application
  Rendered shared/_main_nav.html.erb (0.3ms)
  Rendered shared/_masthead.html.erb (0.4ms)
  Rendered shared/_sections_nav.html.erb (0.3ms)
  Rendered shared/_search_modal.html.erb (0.2ms)
  Rendered shared/_main_content.html.erb (0.2ms)
  Rendered static_pages/index.html.erb within layouts/application (5.0ms)
Completed 200 OK in 21ms (Views: 20.2ms | ActiveRecord: 0.0ms)


Started GET "/" for ::1 at 2019-11-27 15:19:58 -0800
Processing by StaticPagesController#index as HTML
  Rendering static_pages/index.html.erb within layouts/application
  Rendered shared/_main_nav.html.erb (0.3ms)
  Rendered shared/_masthead.html.erb (0.3ms)
  Rendered shared/_sections_nav.html.erb (0.3ms)
  Rendered shared/_search_modal.html.erb (0.3ms)
  Rendered shared/_main_content.html.erb (0.3ms)
  Rendered static_pages/index.html.erb within layouts/application (5.1ms)
Completed 200 OK in 28ms (Views: 26.7ms | ActiveRecord: 0.0ms)


Started GET "/" for ::1 at 2019-11-27 15:20:00 -0800
Processing by StaticPagesController#index as HTML
  Rendering static_pages/index.html.erb within layouts/application
  Rendered shared/_main_nav.html.erb (0.3ms)
  Rendered shared/_masthead.html.erb (0.3ms)
  Rendered shared/_sections_nav.html.erb (0.3ms)
  Rendered shared/_search_modal.html.erb (0.9ms)
  Rendered shared/_main_content.html.erb (0.5ms)
  Rendered static_pages/index.html.erb within layouts/application (7.1ms)
Completed 200 OK in 24ms (Views: 23.1ms | ActiveRecord: 0.0ms)


Started GET "/" for ::1 at 2019-11-27 15:20:04 -0800
Processing by StaticPagesController#index as HTML
  Rendering static_pages/index.html.erb within layouts/application
  Rendered shared/_main_nav.html.erb (0.3ms)
  Rendered shared/_masthead.html.erb (0.3ms)
  Rendered shared/_sections_nav.html.erb (0.3ms)
  Rendered shared/_search_modal.html.erb (0.3ms)
  Rendered shared/_main_content.html.erb (0.3ms)
  Rendered static_pages/index.html.erb within layouts/application (5.9ms)
Completed 200 OK in 21ms (Views: 19.3ms | ActiveRecord: 0.0ms)


Started GET "/assets/application.self-1a3eb13bc5ef82f3bd93653083e14f0906bd8194a04a3977bdb573ffd6d26047.css?body=1&livereload=1574896836039" for ::1 at 2019-11-27 15:20:36 -0800
Started GET "/assets/application.self-1a3eb13bc5ef82f3bd93653083e14f0906bd8194a04a3977bdb573ffd6d26047.css?body=1&livereload=1574896836043" for ::1 at 2019-11-27 15:20:36 -0800
Started GET "/assets/application.self-1a3eb13bc5ef82f3bd93653083e14f0906bd8194a04a3977bdb573ffd6d26047.css?body=1&livereload=1574896852450" for ::1 at 2019-11-27 15:20:52 -0800
Started GET "/assets/application.self-1a3eb13bc5ef82f3bd93653083e14f0906bd8194a04a3977bdb573ffd6d26047.css?body=1&livereload=1574896852448" for ::1 at 2019-11-27 15:20:52 -0800
Started GET "/assets/application.self-1a3eb13bc5ef82f3bd93653083e14f0906bd8194a04a3977bdb573ffd6d26047.css?body=1&livereload=1574896871573" for ::1 at 2019-11-27 15:21:11 -0800
Started GET "/assets/application.self-1a3eb13bc5ef82f3bd93653083e14f0906bd8194a04a3977bdb573ffd6d26047.css?body=1&livereload=1574896871574" for ::1 at 2019-11-27 15:21:11 -0800
Started GET "/assets/application.self-1a3eb13bc5ef82f3bd93653083e14f0906bd8194a04a3977bdb573ffd6d26047.css?body=1&livereload=1574896876089" for ::1 at 2019-11-27 15:21:16 -0800
Started GET "/assets/application.self-1a3eb13bc5ef82f3bd93653083e14f0906bd8194a04a3977bdb573ffd6d26047.css?body=1&livereload=1574896876087" for ::1 at 2019-11-27 15:21:16 -0800
Started GET "/assets/application.self-1a3eb13bc5ef82f3bd93653083e14f0906bd8194a04a3977bdb573ffd6d26047.css?body=1&livereload=1574896877981" for ::1 at 2019-11-27 15:21:17 -0800
Started GET "/assets/application.self-1a3eb13bc5ef82f3bd93653083e14f0906bd8194a04a3977bdb573ffd6d26047.css?body=1&livereload=1574896877983" for ::1 at 2019-11-27 15:21:17 -0800
Started GET "/assets/application.self-1a3eb13bc5ef82f3bd93653083e14f0906bd8194a04a3977bdb573ffd6d26047.css?body=1&livereload=1574896879244" for ::1 at 2019-11-27 15:21:19 -0800
Started GET "/assets/application.self-1a3eb13bc5ef82f3bd93653083e14f0906bd8194a04a3977bdb573ffd6d26047.css?body=1&livereload=1574896879245" for ::1 at 2019-11-27 15:21:19 -0800
Started GET "/assets/application.self-1a3eb13bc5ef82f3bd93653083e14f0906bd8194a04a3977bdb573ffd6d26047.css?body=1&livereload=1574896898187" for ::1 at 2019-11-27 15:21:38 -0800
Started GET "/assets/application.self-1a3eb13bc5ef82f3bd93653083e14f0906bd8194a04a3977bdb573ffd6d26047.css?body=1&livereload=1574896898190" for ::1 at 2019-11-27 15:21:38 -0800
Started GET "/assets/application.self-1a3eb13bc5ef82f3bd93653083e14f0906bd8194a04a3977bdb573ffd6d26047.css?body=1&livereload=1574896899540" for ::1 at 2019-11-27 15:21:39 -0800
Started GET "/assets/application.self-1a3eb13bc5ef82f3bd93653083e14f0906bd8194a04a3977bdb573ffd6d26047.css?body=1&livereload=1574896899542" for ::1 at 2019-11-27 15:21:39 -0800
Started GET "/assets/application.self-1a3eb13bc5ef82f3bd93653083e14f0906bd8194a04a3977bdb573ffd6d26047.css?body=1&livereload=1574896908025" for ::1 at 2019-11-27 15:21:48 -0800
Started GET "/assets/application.self-1a3eb13bc5ef82f3bd93653083e14f0906bd8194a04a3977bdb573ffd6d26047.css?body=1&livereload=1574896908027" for ::1 at 2019-11-27 15:21:48 -0800
Started GET "/assets/application.self-1a3eb13bc5ef82f3bd93653083e14f0906bd8194a04a3977bdb573ffd6d26047.css?body=1&livereload=1574896921915" for ::1 at 2019-11-27 15:22:01 -0800
Started GET "/assets/application.self-1a3eb13bc5ef82f3bd93653083e14f0906bd8194a04a3977bdb573ffd6d26047.css?body=1&livereload=1574896921917" for ::1 at 2019-11-27 15:22:01 -0800
Started GET "/assets/application.self-1a3eb13bc5ef82f3bd93653083e14f0906bd8194a04a3977bdb573ffd6d26047.css?body=1&livereload=1574896924802" for ::1 at 2019-11-27 15:22:04 -0800
Started GET "/assets/application.self-1a3eb13bc5ef82f3bd93653083e14f0906bd8194a04a3977bdb573ffd6d26047.css?body=1&livereload=1574896924803" for ::1 at 2019-11-27 15:22:04 -0800
Started GET "/assets/application.self-1a3eb13bc5ef82f3bd93653083e14f0906bd8194a04a3977bdb573ffd6d26047.css?body=1&livereload=1574896927417" for ::1 at 2019-11-27 15:22:07 -0800
Started GET "/assets/application.self-1a3eb13bc5ef82f3bd93653083e14f0906bd8194a04a3977bdb573ffd6d26047.css?body=1&livereload=1574896927419" for ::1 at 2019-11-27 15:22:07 -0800
Started GET "/assets/application.self-1a3eb13bc5ef82f3bd93653083e14f0906bd8194a04a3977bdb573ffd6d26047.css?body=1&livereload=1574896934815" for ::1 at 2019-11-27 15:22:14 -0800
Started GET "/assets/application.self-1a3eb13bc5ef82f3bd93653083e14f0906bd8194a04a3977bdb573ffd6d26047.css?body=1&livereload=1574896934816" for ::1 at 2019-11-27 15:22:14 -0800
Started GET "/assets/application.self-1a3eb13bc5ef82f3bd93653083e14f0906bd8194a04a3977bdb573ffd6d26047.css?body=1&livereload=1574896940142" for ::1 at 2019-11-27 15:22:20 -0800
Started GET "/assets/application.self-1a3eb13bc5ef82f3bd93653083e14f0906bd8194a04a3977bdb573ffd6d26047.css?body=1&livereload=1574896940144" for ::1 at 2019-11-27 15:22:20 -0800
Started GET "/assets/application.self-1a3eb13bc5ef82f3bd93653083e14f0906bd8194a04a3977bdb573ffd6d26047.css?body=1&livereload=1574896945556" for ::1 at 2019-11-27 15:22:25 -0800
Started GET "/assets/application.self-1a3eb13bc5ef82f3bd93653083e14f0906bd8194a04a3977bdb573ffd6d26047.css?body=1&livereload=1574896945560" for ::1 at 2019-11-27 15:22:25 -0800
Started GET "/assets/application.self-1a3eb13bc5ef82f3bd93653083e14f0906bd8194a04a3977bdb573ffd6d26047.css?body=1&livereload=1574896953943" for ::1 at 2019-11-27 15:22:33 -0800
Started GET "/assets/application.self-1a3eb13bc5ef82f3bd93653083e14f0906bd8194a04a3977bdb573ffd6d26047.css?body=1&livereload=1574896953945" for ::1 at 2019-11-27 15:22:33 -0800
Started GET "/assets/application.self-1a3eb13bc5ef82f3bd93653083e14f0906bd8194a04a3977bdb573ffd6d26047.css?body=1&livereload=1574896959086" for ::1 at 2019-11-27 15:22:39 -0800
Started GET "/assets/application.self-1a3eb13bc5ef82f3bd93653083e14f0906bd8194a04a3977bdb573ffd6d26047.css?body=1&livereload=1574896959092" for ::1 at 2019-11-27 15:22:39 -0800
Started GET "/assets/application.self-1a3eb13bc5ef82f3bd93653083e14f0906bd8194a04a3977bdb573ffd6d26047.css?body=1&livereload=1574896961792" for ::1 at 2019-11-27 15:22:41 -0800
Started GET "/assets/application.self-1a3eb13bc5ef82f3bd93653083e14f0906bd8194a04a3977bdb573ffd6d26047.css?body=1&livereload=1574896961794" for ::1 at 2019-11-27 15:22:41 -0800
Started GET "/assets/application.self-1a3eb13bc5ef82f3bd93653083e14f0906bd8194a04a3977bdb573ffd6d26047.css?body=1&livereload=1574896964950" for ::1 at 2019-11-27 15:22:44 -0800
Started GET "/assets/application.self-1a3eb13bc5ef82f3bd93653083e14f0906bd8194a04a3977bdb573ffd6d26047.css?body=1&livereload=1574896964952" for ::1 at 2019-11-27 15:22:44 -0800
Started GET "/assets/application.self-1a3eb13bc5ef82f3bd93653083e14f0906bd8194a04a3977bdb573ffd6d26047.css?body=1&livereload=1574896969190" for ::1 at 2019-11-27 15:22:49 -0800
Started GET "/assets/application.self-1a3eb13bc5ef82f3bd93653083e14f0906bd8194a04a3977bdb573ffd6d26047.css?body=1&livereload=1574896969193" for ::1 at 2019-11-27 15:22:49 -0800
Started GET "/assets/application.self-1a3eb13bc5ef82f3bd93653083e14f0906bd8194a04a3977bdb573ffd6d26047.css?body=1&livereload=1574896978933" for ::1 at 2019-11-27 15:22:58 -0800
Started GET "/assets/application.self-1a3eb13bc5ef82f3bd93653083e14f0906bd8194a04a3977bdb573ffd6d26047.css?body=1&livereload=1574896978936" for ::1 at 2019-11-27 15:22:58 -0800
Started GET "/assets/application.self-1a3eb13bc5ef82f3bd93653083e14f0906bd8194a04a3977bdb573ffd6d26047.css?body=1&livereload=1574896980557" for ::1 at 2019-11-27 15:23:00 -0800
Started GET "/assets/application.self-1a3eb13bc5ef82f3bd93653083e14f0906bd8194a04a3977bdb573ffd6d26047.css?body=1&livereload=1574896980558" for ::1 at 2019-11-27 15:23:00 -0800
Started GET "/assets/application.self-1a3eb13bc5ef82f3bd93653083e14f0906bd8194a04a3977bdb573ffd6d26047.css?body=1&livereload=1574896981819" for ::1 at 2019-11-27 15:23:01 -0800
Started GET "/assets/application.self-1a3eb13bc5ef82f3bd93653083e14f0906bd8194a04a3977bdb573ffd6d26047.css?body=1&livereload=1574896981821" for ::1 at 2019-11-27 15:23:01 -0800
Started GET "/assets/application.self-1a3eb13bc5ef82f3bd93653083e14f0906bd8194a04a3977bdb573ffd6d26047.css?body=1&livereload=1574896983532" for ::1 at 2019-11-27 15:23:03 -0800
Started GET "/assets/application.self-1a3eb13bc5ef82f3bd93653083e14f0906bd8194a04a3977bdb573ffd6d26047.css?body=1&livereload=1574896983533" for ::1 at 2019-11-27 15:23:03 -0800
Started GET "/assets/application.self-1a3eb13bc5ef82f3bd93653083e14f0906bd8194a04a3977bdb573ffd6d26047.css?body=1&livereload=1574896990027" for ::1 at 2019-11-27 15:23:10 -0800
Started GET "/assets/application.self-1a3eb13bc5ef82f3bd93653083e14f0906bd8194a04a3977bdb573ffd6d26047.css?body=1&livereload=1574896990030" for ::1 at 2019-11-27 15:23:10 -0800
Started GET "/assets/application.self-1a3eb13bc5ef82f3bd93653083e14f0906bd8194a04a3977bdb573ffd6d26047.css?body=1&livereload=1574896993816" for ::1 at 2019-11-27 15:23:13 -0800
Started GET "/assets/application.self-1a3eb13bc5ef82f3bd93653083e14f0906bd8194a04a3977bdb573ffd6d26047.css?body=1&livereload=1574896993818" for ::1 at 2019-11-27 15:23:13 -0800
Started GET "/assets/application.self-1a3eb13bc5ef82f3bd93653083e14f0906bd8194a04a3977bdb573ffd6d26047.css?body=1&livereload=1574896999140" for ::1 at 2019-11-27 15:23:19 -0800
Started GET "/assets/application.self-1a3eb13bc5ef82f3bd93653083e14f0906bd8194a04a3977bdb573ffd6d26047.css?body=1&livereload=1574896999142" for ::1 at 2019-11-27 15:23:19 -0800
Started GET "/assets/application.self-1a3eb13bc5ef82f3bd93653083e14f0906bd8194a04a3977bdb573ffd6d26047.css?body=1&livereload=1574897006353" for ::1 at 2019-11-27 15:23:26 -0800
Started GET "/assets/application.self-1a3eb13bc5ef82f3bd93653083e14f0906bd8194a04a3977bdb573ffd6d26047.css?body=1&livereload=1574897006354" for ::1 at 2019-11-27 15:23:26 -0800
Started GET "/assets/application.self-1a3eb13bc5ef82f3bd93653083e14f0906bd8194a04a3977bdb573ffd6d26047.css?body=1&livereload=1574897010412" for ::1 at 2019-11-27 15:23:30 -0800
Started GET "/assets/application.self-1a3eb13bc5ef82f3bd93653083e14f0906bd8194a04a3977bdb573ffd6d26047.css?body=1&livereload=1574897010414" for ::1 at 2019-11-27 15:23:30 -0800
Started GET "/" for ::1 at 2019-11-27 15:24:26 -0800
Processing by StaticPagesController#index as HTML
  Rendering static_pages/index.html.erb within layouts/application
  Rendered shared/_main_nav.html.erb (0.7ms)
  Rendered shared/_masthead.html.erb (0.3ms)
  Rendered shared/_sections_nav.html.erb (0.2ms)
  Rendered shared/_search_modal.html.erb (0.2ms)
  Rendered shared/_main_content.html.erb (0.2ms)
  Rendered static_pages/index.html.erb within layouts/application (5.4ms)
Completed 200 OK in 24ms (Views: 23.0ms | ActiveRecord: 0.0ms)


Started GET "/assets/application.self-3dae52a4ee64e27e83a15a9a2b556c46546eae37e5110973b2989e1f0d9c51c8.css?body=1" for ::1 at 2019-11-27 15:24:26 -0800
Started GET "/" for ::1 at 2019-11-27 15:24:28 -0800
Processing by StaticPagesController#index as HTML
  Rendering static_pages/index.html.erb within layouts/application
  Rendered shared/_main_nav.html.erb (0.4ms)
  Rendered shared/_masthead.html.erb (0.3ms)
  Rendered shared/_sections_nav.html.erb (0.3ms)
  Rendered shared/_search_modal.html.erb (0.3ms)
  Rendered shared/_main_content.html.erb (0.8ms)
  Rendered static_pages/index.html.erb within layouts/application (7.6ms)
Completed 200 OK in 29ms (Views: 27.5ms | ActiveRecord: 0.0ms)


Started GET "/" for ::1 at 2019-11-27 15:24:30 -0800
Processing by StaticPagesController#index as HTML
  Rendering static_pages/index.html.erb within layouts/application
  Rendered shared/_main_nav.html.erb (0.4ms)
  Rendered shared/_masthead.html.erb (0.3ms)
  Rendered shared/_sections_nav.html.erb (0.3ms)
  Rendered shared/_search_modal.html.erb (0.2ms)
  Rendered shared/_main_content.html.erb (0.6ms)
  Rendered static_pages/index.html.erb within layouts/application (5.9ms)
Completed 200 OK in 29ms (Views: 28.3ms | ActiveRecord: 0.0ms)


Started GET "/" for ::1 at 2019-11-27 15:25:03 -0800
Processing by StaticPagesController#index as HTML
  Rendering static_pages/index.html.erb within layouts/application
  Rendered shared/_main_nav.html.erb (0.4ms)
  Rendered shared/_masthead.html.erb (0.4ms)
  Rendered shared/_sections_nav.html.erb (0.2ms)
  Rendered shared/_search_modal.html.erb (0.4ms)
  Rendered shared/_main_content.html.erb (0.2ms)
  Rendered static_pages/index.html.erb within layouts/application (5.8ms)
Completed 200 OK in 20ms (Views: 18.9ms | ActiveRecord: 0.0ms)


Started GET "/" for ::1 at 2019-11-27 15:25:05 -0800
Processing by StaticPagesController#index as HTML
  Rendering static_pages/index.html.erb within layouts/application
  Rendered shared/_main_nav.html.erb (0.8ms)
  Rendered shared/_masthead.html.erb (0.4ms)
  Rendered shared/_sections_nav.html.erb (0.3ms)
  Rendered shared/_search_modal.html.erb (0.2ms)
  Rendered shared/_main_content.html.erb (0.2ms)
  Rendered static_pages/index.html.erb within layouts/application (7.1ms)
Completed 200 OK in 27ms (Views: 25.1ms | ActiveRecord: 0.0ms)


Started GET "/" for ::1 at 2019-11-27 15:25:07 -0800
Processing by StaticPagesController#index as HTML
  Rendering static_pages/index.html.erb within layouts/application
  Rendered shared/_main_nav.html.erb (0.3ms)
  Rendered shared/_masthead.html.erb (0.3ms)
  Rendered shared/_sections_nav.html.erb (0.3ms)
  Rendered shared/_search_modal.html.erb (0.3ms)
  Rendered shared/_main_content.html.erb (0.3ms)
  Rendered static_pages/index.html.erb within layouts/application (5.9ms)
Completed 200 OK in 24ms (Views: 22.6ms | ActiveRecord: 0.0ms)


Started GET "/" for ::1 at 2019-11-27 15:25:11 -0800
Processing by StaticPagesController#index as HTML
  Rendering static_pages/index.html.erb within layouts/application
  Rendered shared/_main_nav.html.erb (0.4ms)
  Rendered shared/_masthead.html.erb (0.4ms)
  Rendered shared/_sections_nav.html.erb (0.5ms)
  Rendered shared/_search_modal.html.erb (0.6ms)
  Rendered shared/_main_content.html.erb (0.4ms)
  Rendered static_pages/index.html.erb within layouts/application (8.7ms)
Completed 200 OK in 34ms (Views: 33.0ms | ActiveRecord: 0.0ms)


Started GET "/assets/application.self-3dae52a4ee64e27e83a15a9a2b556c46546eae37e5110973b2989e1f0d9c51c8.css?body=1&livereload=1574897132594" for ::1 at 2019-11-27 15:25:32 -0800
Started GET "/assets/application.self-3dae52a4ee64e27e83a15a9a2b556c46546eae37e5110973b2989e1f0d9c51c8.css?body=1&livereload=1574897132598" for ::1 at 2019-11-27 15:25:32 -0800
Started GET "/assets/application.self-3dae52a4ee64e27e83a15a9a2b556c46546eae37e5110973b2989e1f0d9c51c8.css?body=1&livereload=1574897213625" for ::1 at 2019-11-27 15:26:53 -0800
Started GET "/assets/application.self-3dae52a4ee64e27e83a15a9a2b556c46546eae37e5110973b2989e1f0d9c51c8.css?body=1&livereload=1574897213626" for ::1 at 2019-11-27 15:26:53 -0800
Started GET "/assets/application.self-3dae52a4ee64e27e83a15a9a2b556c46546eae37e5110973b2989e1f0d9c51c8.css?body=1&livereload=1574897218136" for ::1 at 2019-11-27 15:26:58 -0800
Started GET "/assets/application.self-3dae52a4ee64e27e83a15a9a2b556c46546eae37e5110973b2989e1f0d9c51c8.css?body=1&livereload=1574897218138" for ::1 at 2019-11-27 15:26:58 -0800
Started GET "/assets/application.self-3dae52a4ee64e27e83a15a9a2b556c46546eae37e5110973b2989e1f0d9c51c8.css?body=1&livereload=1574897225980" for ::1 at 2019-11-27 15:27:05 -0800
Started GET "/assets/application.self-3dae52a4ee64e27e83a15a9a2b556c46546eae37e5110973b2989e1f0d9c51c8.css?body=1&livereload=1574897225982" for ::1 at 2019-11-27 15:27:05 -0800
Started GET "/assets/application.self-3dae52a4ee64e27e83a15a9a2b556c46546eae37e5110973b2989e1f0d9c51c8.css?body=1&livereload=1574897228146" for ::1 at 2019-11-27 15:27:08 -0800
Started GET "/assets/application.self-3dae52a4ee64e27e83a15a9a2b556c46546eae37e5110973b2989e1f0d9c51c8.css?body=1&livereload=1574897228147" for ::1 at 2019-11-27 15:27:08 -0800
Started GET "/assets/application.self-3dae52a4ee64e27e83a15a9a2b556c46546eae37e5110973b2989e1f0d9c51c8.css?body=1&livereload=1574897229408" for ::1 at 2019-11-27 15:27:09 -0800
Started GET "/assets/application.self-3dae52a4ee64e27e83a15a9a2b556c46546eae37e5110973b2989e1f0d9c51c8.css?body=1&livereload=1574897229409" for ::1 at 2019-11-27 15:27:09 -0800
Started GET "/assets/application.self-3dae52a4ee64e27e83a15a9a2b556c46546eae37e5110973b2989e1f0d9c51c8.css?body=1&livereload=1574897232386" for ::1 at 2019-11-27 15:27:12 -0800
Started GET "/assets/application.self-3dae52a4ee64e27e83a15a9a2b556c46546eae37e5110973b2989e1f0d9c51c8.css?body=1&livereload=1574897232388" for ::1 at 2019-11-27 15:27:12 -0800
Started GET "/assets/application.self-3dae52a4ee64e27e83a15a9a2b556c46546eae37e5110973b2989e1f0d9c51c8.css?body=1&livereload=1574897240234" for ::1 at 2019-11-27 15:27:20 -0800
Started GET "/assets/application.self-3dae52a4ee64e27e83a15a9a2b556c46546eae37e5110973b2989e1f0d9c51c8.css?body=1&livereload=1574897240236" for ::1 at 2019-11-27 15:27:20 -0800
Started GET "/assets/application.self-3dae52a4ee64e27e83a15a9a2b556c46546eae37e5110973b2989e1f0d9c51c8.css?body=1&livereload=1574897243844" for ::1 at 2019-11-27 15:27:23 -0800
Started GET "/assets/application.self-3dae52a4ee64e27e83a15a9a2b556c46546eae37e5110973b2989e1f0d9c51c8.css?body=1&livereload=1574897243846" for ::1 at 2019-11-27 15:27:23 -0800
Started GET "/assets/application.self-3dae52a4ee64e27e83a15a9a2b556c46546eae37e5110973b2989e1f0d9c51c8.css?body=1&livereload=1574897245108" for ::1 at 2019-11-27 15:27:25 -0800
Started GET "/assets/application.self-3dae52a4ee64e27e83a15a9a2b556c46546eae37e5110973b2989e1f0d9c51c8.css?body=1&livereload=1574897245109" for ::1 at 2019-11-27 15:27:25 -0800
Started GET "/assets/application.self-3dae52a4ee64e27e83a15a9a2b556c46546eae37e5110973b2989e1f0d9c51c8.css?body=1&livereload=1574897345994" for ::1 at 2019-11-27 15:29:05 -0800
Started GET "/assets/application.self-3dae52a4ee64e27e83a15a9a2b556c46546eae37e5110973b2989e1f0d9c51c8.css?body=1&livereload=1574897345996" for ::1 at 2019-11-27 15:29:06 -0800
Started GET "/assets/application.self-3dae52a4ee64e27e83a15a9a2b556c46546eae37e5110973b2989e1f0d9c51c8.css?body=1&livereload=1574897351227" for ::1 at 2019-11-27 15:29:11 -0800
Started GET "/assets/application.self-3dae52a4ee64e27e83a15a9a2b556c46546eae37e5110973b2989e1f0d9c51c8.css?body=1&livereload=1574897351229" for ::1 at 2019-11-27 15:29:11 -0800
Started GET "/assets/application.self-3dae52a4ee64e27e83a15a9a2b556c46546eae37e5110973b2989e1f0d9c51c8.css?body=1&livereload=1574897352221" for ::1 at 2019-11-27 15:29:12 -0800
Started GET "/assets/application.self-3dae52a4ee64e27e83a15a9a2b556c46546eae37e5110973b2989e1f0d9c51c8.css?body=1&livereload=1574897352223" for ::1 at 2019-11-27 15:29:12 -0800
Started GET "/assets/application.self-3dae52a4ee64e27e83a15a9a2b556c46546eae37e5110973b2989e1f0d9c51c8.css?body=1&livereload=1574897377053" for ::1 at 2019-11-27 15:29:37 -0800
Started GET "/assets/application.self-3dae52a4ee64e27e83a15a9a2b556c46546eae37e5110973b2989e1f0d9c51c8.css?body=1&livereload=1574897377051" for ::1 at 2019-11-27 15:29:37 -0800
Started GET "/assets/application.self-3dae52a4ee64e27e83a15a9a2b556c46546eae37e5110973b2989e1f0d9c51c8.css?body=1&livereload=1574897379036" for ::1 at 2019-11-27 15:29:39 -0800
Started GET "/assets/application.self-3dae52a4ee64e27e83a15a9a2b556c46546eae37e5110973b2989e1f0d9c51c8.css?body=1&livereload=1574897379038" for ::1 at 2019-11-27 15:29:39 -0800
Started GET "/assets/application.self-3dae52a4ee64e27e83a15a9a2b556c46546eae37e5110973b2989e1f0d9c51c8.css?body=1&livereload=1574897381834" for ::1 at 2019-11-27 15:29:41 -0800
Started GET "/assets/application.self-3dae52a4ee64e27e83a15a9a2b556c46546eae37e5110973b2989e1f0d9c51c8.css?body=1&livereload=1574897381836" for ::1 at 2019-11-27 15:29:41 -0800
Started GET "/assets/application.self-3dae52a4ee64e27e83a15a9a2b556c46546eae37e5110973b2989e1f0d9c51c8.css?body=1&livereload=1574897400248" for ::1 at 2019-11-27 15:30:00 -0800
Started GET "/assets/application.self-3dae52a4ee64e27e83a15a9a2b556c46546eae37e5110973b2989e1f0d9c51c8.css?body=1&livereload=1574897400250" for ::1 at 2019-11-27 15:30:00 -0800
